2025-11-06 23:06:00.428 [main] INFO  ChatAppServer - =================================
2025-11-06 23:06:00.433 [main] INFO  ChatAppServer -   ChatApp Server Starting...   
2025-11-06 23:06:00.433 [main] INFO  ChatAppServer - =================================
2025-11-06 23:06:00.433 [main] INFO  ChatAppServer - Initializing database connection...
2025-11-06 23:06:00.438 [main] INFO  com.zaxxer.hikari.HikariDataSource - HikariPool-1 - Starting...
2025-11-06 23:06:00.599 [main] INFO  com.zaxxer.hikari.pool.HikariPool - HikariPool-1 - Added connection com.mysql.cj.jdbc.ConnectionImpl@53fb3dab
2025-11-06 23:06:00.599 [main] INFO  com.zaxxer.hikari.HikariDataSource - HikariPool-1 - Start completed.
2025-11-06 23:06:00.603 [main] INFO  ChatAppServer - Database connection pool initialized successfully
2025-11-06 23:06:00.605 [main] INFO  ChatAppServer - Connected to: jdbc:mysql://localhost:3306/chatapp_db?useSSL=false&serverTimezone=UTC&allowPublicKeyRetrieval=true
2025-11-06 23:06:00.610 [main] INFO  ChatAppServer - Database connection established
2025-11-06 23:06:00.610 [main] INFO  ChatAppServer - Starting chat server...
2025-11-06 23:06:00.611 [main] INFO  ChatAppServer - Server started on port 8888
2025-11-06 23:06:00.611 [main] INFO  ChatAppServer - Waiting for clients...
2025-11-06 23:06:07.803 [main] INFO  ChatAppServer - New client connected: /127.0.0.1
2025-11-06 23:06:07.812 [Thread-1] INFO  ChatAppServer - Client connected: /127.0.0.1
2025-11-06 23:06:19.426 [Thread-1] ERROR ChatAppServer - Client handler error: Connection reset
java.net.SocketException: Connection reset
	at java.base/sun.nio.ch.NioSocketImpl.implRead(NioSocketImpl.java:328)
	at java.base/sun.nio.ch.NioSocketImpl.read(NioSocketImpl.java:355)
	at java.base/sun.nio.ch.NioSocketImpl$1.read(NioSocketImpl.java:808)
	at java.base/java.net.Socket$SocketInputStream.read(Socket.java:966)
	at java.base/sun.nio.cs.StreamDecoder.readBytes(StreamDecoder.java:287)
	at java.base/sun.nio.cs.StreamDecoder.implRead(StreamDecoder.java:330)
	at java.base/sun.nio.cs.StreamDecoder.read(StreamDecoder.java:190)
	at java.base/java.io.InputStreamReader.read(InputStreamReader.java:177)
	at java.base/java.io.BufferedReader.fill(BufferedReader.java:162)
	at java.base/java.io.BufferedReader.readLine(BufferedReader.java:329)
	at java.base/java.io.BufferedReader.readLine(BufferedReader.java:396)
	at com.chatapp.server.core.ClientHandler.run(ClientHandler.java:39)
	at java.base/java.lang.Thread.run(Thread.java:840)
2025-11-06 23:06:19.430 [Thread-1] INFO  ChatAppServer - Client disconnected
2025-11-06 23:07:05.878 [main] INFO  ChatAppServer - =================================
2025-11-06 23:07:05.880 [main] INFO  ChatAppServer -   ChatApp Server Starting...   
2025-11-06 23:07:05.880 [main] INFO  ChatAppServer - =================================
2025-11-06 23:07:05.880 [main] INFO  ChatAppServer - Initializing database connection...
2025-11-06 23:07:05.880 [main] INFO  com.zaxxer.hikari.HikariDataSource - HikariPool-1 - Starting...
2025-11-06 23:07:06.026 [main] INFO  com.zaxxer.hikari.pool.HikariPool - HikariPool-1 - Added connection com.mysql.cj.jdbc.ConnectionImpl@74e28667
2025-11-06 23:07:06.031 [main] INFO  com.zaxxer.hikari.HikariDataSource - HikariPool-1 - Start completed.
2025-11-06 23:07:06.031 [main] INFO  ChatAppServer - Database connection pool initialized successfully
2025-11-06 23:07:06.031 [main] INFO  ChatAppServer - Connected to: jdbc:mysql://localhost:3306/chatapp_db?useSSL=false&serverTimezone=UTC&allowPublicKeyRetrieval=true
2025-11-06 23:07:06.031 [main] INFO  ChatAppServer - Database connection established
2025-11-06 23:07:06.031 [main] INFO  ChatAppServer - Starting chat server...
2025-11-06 23:07:06.031 [main] INFO  ChatAppServer - Server started on port 8888
2025-11-06 23:07:06.031 [main] INFO  ChatAppServer - Waiting for clients...
2025-11-06 23:07:19.578 [main] INFO  ChatAppServer - New client connected: /127.0.0.1
2025-11-06 23:07:19.585 [Thread-1] INFO  ChatAppServer - Client connected: /127.0.0.1
2025-11-06 23:11:56.370 [Thread-1] ERROR ChatAppServer - Client handler error: Connection reset
java.net.SocketException: Connection reset
	at java.base/sun.nio.ch.NioSocketImpl.implRead(NioSocketImpl.java:328)
	at java.base/sun.nio.ch.NioSocketImpl.read(NioSocketImpl.java:355)
	at java.base/sun.nio.ch.NioSocketImpl$1.read(NioSocketImpl.java:808)
	at java.base/java.net.Socket$SocketInputStream.read(Socket.java:966)
	at java.base/sun.nio.cs.StreamDecoder.readBytes(StreamDecoder.java:287)
	at java.base/sun.nio.cs.StreamDecoder.implRead(StreamDecoder.java:330)
	at java.base/sun.nio.cs.StreamDecoder.read(StreamDecoder.java:190)
	at java.base/java.io.InputStreamReader.read(InputStreamReader.java:177)
	at java.base/java.io.BufferedReader.fill(BufferedReader.java:162)
	at java.base/java.io.BufferedReader.readLine(BufferedReader.java:329)
	at java.base/java.io.BufferedReader.readLine(BufferedReader.java:396)
	at com.chatapp.server.core.ClientHandler.run(ClientHandler.java:39)
	at java.base/java.lang.Thread.run(Thread.java:840)
2025-11-06 23:11:56.376 [Thread-1] INFO  ChatAppServer - Client disconnected
2025-11-06 23:11:57.968 [main] INFO  ChatAppServer - New client connected: /127.0.0.1
2025-11-06 23:11:57.969 [Thread-2] INFO  ChatAppServer - Client connected: /127.0.0.1
2025-11-06 23:12:12.384 [Thread-2] ERROR ChatAppServer - Client handler error: Connection reset
java.net.SocketException: Connection reset
	at java.base/sun.nio.ch.NioSocketImpl.implRead(NioSocketImpl.java:328)
	at java.base/sun.nio.ch.NioSocketImpl.read(NioSocketImpl.java:355)
	at java.base/sun.nio.ch.NioSocketImpl$1.read(NioSocketImpl.java:808)
	at java.base/java.net.Socket$SocketInputStream.read(Socket.java:966)
	at java.base/sun.nio.cs.StreamDecoder.readBytes(StreamDecoder.java:287)
	at java.base/sun.nio.cs.StreamDecoder.implRead(StreamDecoder.java:330)
	at java.base/sun.nio.cs.StreamDecoder.read(StreamDecoder.java:190)
	at java.base/java.io.InputStreamReader.read(InputStreamReader.java:177)
	at java.base/java.io.BufferedReader.fill(BufferedReader.java:162)
	at java.base/java.io.BufferedReader.readLine(BufferedReader.java:329)
	at java.base/java.io.BufferedReader.readLine(BufferedReader.java:396)
	at com.chatapp.server.core.ClientHandler.run(ClientHandler.java:39)
	at java.base/java.lang.Thread.run(Thread.java:840)
2025-11-06 23:12:12.386 [Thread-2] INFO  ChatAppServer - Client disconnected
2025-11-06 23:12:13.523 [main] INFO  ChatAppServer - New client connected: /127.0.0.1
2025-11-06 23:12:13.523 [Thread-3] INFO  ChatAppServer - Client connected: /127.0.0.1
2025-11-06 23:12:18.293 [Thread-3] ERROR ChatAppServer - Client handler error: Connection reset
java.net.SocketException: Connection reset
	at java.base/sun.nio.ch.NioSocketImpl.implRead(NioSocketImpl.java:328)
	at java.base/sun.nio.ch.NioSocketImpl.read(NioSocketImpl.java:355)
	at java.base/sun.nio.ch.NioSocketImpl$1.read(NioSocketImpl.java:808)
	at java.base/java.net.Socket$SocketInputStream.read(Socket.java:966)
	at java.base/sun.nio.cs.StreamDecoder.readBytes(StreamDecoder.java:287)
	at java.base/sun.nio.cs.StreamDecoder.implRead(StreamDecoder.java:330)
	at java.base/sun.nio.cs.StreamDecoder.read(StreamDecoder.java:190)
	at java.base/java.io.InputStreamReader.read(InputStreamReader.java:177)
	at java.base/java.io.BufferedReader.fill(BufferedReader.java:162)
	at java.base/java.io.BufferedReader.readLine(BufferedReader.java:329)
	at java.base/java.io.BufferedReader.readLine(BufferedReader.java:396)
	at com.chatapp.server.core.ClientHandler.run(ClientHandler.java:39)
	at java.base/java.lang.Thread.run(Thread.java:840)
2025-11-06 23:12:18.293 [Thread-3] INFO  ChatAppServer - Client disconnected
2025-11-06 23:20:03.538 [main] INFO  ChatAppServer - =================================
2025-11-06 23:20:03.538 [main] INFO  ChatAppServer -   ChatApp Server Starting...   
2025-11-06 23:20:03.538 [main] INFO  ChatAppServer - =================================
2025-11-06 23:20:03.538 [main] INFO  ChatAppServer - Initializing database connection...
2025-11-06 23:20:03.549 [main] INFO  com.zaxxer.hikari.HikariDataSource - HikariPool-1 - Starting...
2025-11-06 23:20:03.687 [main] INFO  com.zaxxer.hikari.pool.HikariPool - HikariPool-1 - Added connection com.mysql.cj.jdbc.ConnectionImpl@74e28667
2025-11-06 23:20:03.687 [main] INFO  com.zaxxer.hikari.HikariDataSource - HikariPool-1 - Start completed.
2025-11-06 23:20:03.687 [main] INFO  ChatAppServer - Database connection pool initialized successfully
2025-11-06 23:20:03.687 [main] INFO  ChatAppServer - Connected to: jdbc:mysql://localhost:3306/chatapp_db?useSSL=false&serverTimezone=UTC&allowPublicKeyRetrieval=true
2025-11-06 23:20:03.687 [main] INFO  ChatAppServer - Database connection established
2025-11-06 23:20:03.687 [main] INFO  ChatAppServer - Starting chat server...
2025-11-06 23:20:03.703 [main] INFO  ChatAppServer - Server started on port 8888
2025-11-06 23:20:03.703 [main] INFO  ChatAppServer - Waiting for clients...
2025-11-06 23:20:14.989 [main] INFO  ChatAppServer - New client connected: /127.0.0.1
2025-11-06 23:20:14.995 [Thread-1] INFO  ChatAppServer - Client connected: /127.0.0.1
2025-11-06 23:22:19.318 [Thread-1] ERROR ChatAppServer - Client handler error: Connection reset
java.net.SocketException: Connection reset
	at java.base/sun.nio.ch.NioSocketImpl.implRead(NioSocketImpl.java:328)
	at java.base/sun.nio.ch.NioSocketImpl.read(NioSocketImpl.java:355)
	at java.base/sun.nio.ch.NioSocketImpl$1.read(NioSocketImpl.java:808)
	at java.base/java.net.Socket$SocketInputStream.read(Socket.java:966)
	at java.base/sun.nio.cs.StreamDecoder.readBytes(StreamDecoder.java:287)
	at java.base/sun.nio.cs.StreamDecoder.implRead(StreamDecoder.java:330)
	at java.base/sun.nio.cs.StreamDecoder.read(StreamDecoder.java:190)
	at java.base/java.io.InputStreamReader.read(InputStreamReader.java:177)
	at java.base/java.io.BufferedReader.fill(BufferedReader.java:162)
	at java.base/java.io.BufferedReader.readLine(BufferedReader.java:329)
	at java.base/java.io.BufferedReader.readLine(BufferedReader.java:396)
	at com.chatapp.server.core.ClientHandler.run(ClientHandler.java:39)
	at java.base/java.lang.Thread.run(Thread.java:840)
2025-11-06 23:22:19.322 [Thread-1] INFO  ChatAppServer - Client disconnected
2025-11-06 23:22:21.880 [main] INFO  ChatAppServer - New client connected: /127.0.0.1
2025-11-06 23:22:21.880 [Thread-2] INFO  ChatAppServer - Client connected: /127.0.0.1
2025-11-06 23:22:43.503 [Thread-2] INFO  ChatAppServer - [SERVER] <<< RECV: {"type":"FORGOT_PASSWORD_REQUEST","data":{"email":"nguyenduythang2808@gmail.com"},"timestamp":1762446163470,"error":null,"success":true}
2025-11-06 23:22:43.530 [Thread-2] INFO  ChatAppServer - [SERVER] Handling: FORGOT_PASSWORD_REQUEST
2025-11-06 23:22:49.560 [Thread-2] INFO  ChatAppServer - [SERVER] >>> SEND: {"type":"FORGOT_PASSWORD_RESPONSE","data":{"message":"Mã OTP đã được gửi đến email của bạn"},"timestamp":1762446169558,"error":null,"success":true}
2025-11-06 23:23:27.086 [Thread-2] INFO  ChatAppServer - [SERVER] <<< RECV: {"type":"RESET_PASSWORD_REQUEST","data":{"otpCode":"774424","newPassword":"654321","email":"nguyenduythang2808@gmail.com"},"timestamp":1762446207085,"error":null,"success":true}
2025-11-06 23:23:27.086 [Thread-2] INFO  ChatAppServer - [SERVER] Handling: RESET_PASSWORD_REQUEST
2025-11-06 23:23:27.158 [Thread-2] INFO  ChatAppServer - [SERVER] >>> SEND: {"type":"RESET_PASSWORD_RESPONSE","data":{"message":"Đặt lại mật khẩu thành công!"},"timestamp":1762446207157,"error":null,"success":true}
2025-11-06 23:23:28.837 [main] INFO  ChatAppServer - New client connected: /127.0.0.1
2025-11-06 23:23:28.837 [Thread-3] INFO  ChatAppServer - Client connected: /127.0.0.1
2025-11-06 23:23:45.210 [Thread-3] INFO  ChatAppServer - [SERVER] <<< RECV: {"type":"LOGIN_REQUEST","data":{"password":"123456","username":"nguyenduythang2808@gmail.com"},"timestamp":1762446225210,"error":null,"success":true}
2025-11-06 23:23:45.211 [Thread-3] INFO  ChatAppServer - [SERVER] Handling: LOGIN_REQUEST
2025-11-06 23:23:45.267 [Thread-3] ERROR ChatAppServer - Login failed: Email hoặc mật khẩu không đúng
java.lang.Exception: Email hoặc mật khẩu không đúng
	at com.chatapp.server.service.AuthService.login(AuthService.java:117)
	at com.chatapp.server.handler.AuthHandler.handleLogin(AuthHandler.java:44)
	at com.chatapp.server.core.ClientHandler.handlePacket(ClientHandler.java:80)
	at com.chatapp.server.core.ClientHandler.run(ClientHandler.java:44)
	at java.base/java.lang.Thread.run(Thread.java:840)
2025-11-06 23:23:45.268 [Thread-3] INFO  ChatAppServer - [SERVER] >>> SEND: {"type":"LOGIN_RESPONSE","data":{},"timestamp":1762446225268,"error":"Email hoặc mật khẩu không đúng","success":false}
2025-11-06 23:23:50.843 [Thread-3] INFO  ChatAppServer - [SERVER] <<< RECV: {"type":"LOGIN_REQUEST","data":{"password":"654321","username":"nguyenduythang2808@gmail.com"},"timestamp":1762446230842,"error":null,"success":true}
2025-11-06 23:23:50.843 [Thread-3] INFO  ChatAppServer - [SERVER] Handling: LOGIN_REQUEST
2025-11-06 23:23:50.899 [Thread-3] INFO  ChatAppServer - User logged in: huy
2025-11-06 23:23:50.900 [Thread-3] INFO  ChatAppServer - [SERVER] >>> SEND: {"type":"LOGIN_RESPONSE","data":{"avatarUrl":null,"fullName":"huy","userId":19,"email":"nguyenduythang2808@gmail.com","statusMessage":null,"username":"huy"},"timestamp":1762446230900,"error":null,"success":true}
2025-11-06 23:23:51.037 [Thread-2] INFO  ChatAppServer - Client disconnected
2025-11-06 23:23:53.752 [Thread-3] ERROR ChatAppServer - Client handler error: Connection reset
java.net.SocketException: Connection reset
	at java.base/sun.nio.ch.NioSocketImpl.implRead(NioSocketImpl.java:328)
	at java.base/sun.nio.ch.NioSocketImpl.read(NioSocketImpl.java:355)
	at java.base/sun.nio.ch.NioSocketImpl$1.read(NioSocketImpl.java:808)
	at java.base/java.net.Socket$SocketInputStream.read(Socket.java:966)
	at java.base/sun.nio.cs.StreamDecoder.readBytes(StreamDecoder.java:287)
	at java.base/sun.nio.cs.StreamDecoder.implRead(StreamDecoder.java:330)
	at java.base/sun.nio.cs.StreamDecoder.read(StreamDecoder.java:190)
	at java.base/java.io.InputStreamReader.read(InputStreamReader.java:177)
	at java.base/java.io.BufferedReader.fill(BufferedReader.java:162)
	at java.base/java.io.BufferedReader.readLine(BufferedReader.java:329)
	at java.base/java.io.BufferedReader.readLine(BufferedReader.java:396)
	at com.chatapp.server.core.ClientHandler.run(ClientHandler.java:39)
	at java.base/java.lang.Thread.run(Thread.java:840)
2025-11-06 23:23:53.752 [Thread-3] INFO  ChatAppServer - Client disconnected
2025-11-06 23:43:01.846 [main] INFO  ChatAppServer - =================================
2025-11-06 23:43:01.846 [main] INFO  ChatAppServer -   ChatApp Server Starting...   
2025-11-06 23:43:01.846 [main] INFO  ChatAppServer - =================================
2025-11-06 23:43:01.846 [main] INFO  ChatAppServer - Initializing database connection...
2025-11-06 23:43:01.861 [main] INFO  com.zaxxer.hikari.HikariDataSource - HikariPool-1 - Starting...
2025-11-06 23:43:02.006 [main] INFO  com.zaxxer.hikari.pool.HikariPool - HikariPool-1 - Added connection com.mysql.cj.jdbc.ConnectionImpl@74e28667
2025-11-06 23:43:02.006 [main] INFO  com.zaxxer.hikari.HikariDataSource - HikariPool-1 - Start completed.
2025-11-06 23:43:02.006 [main] INFO  ChatAppServer - Database connection pool initialized successfully
2025-11-06 23:43:02.006 [main] INFO  ChatAppServer - Connected to: jdbc:mysql://localhost:3306/chatapp_db?useSSL=false&serverTimezone=UTC&allowPublicKeyRetrieval=true
2025-11-06 23:43:02.015 [main] INFO  ChatAppServer - Database connection established
2025-11-06 23:43:02.015 [main] INFO  ChatAppServer - Starting chat server...
2025-11-06 23:43:02.018 [main] INFO  ChatAppServer - Server started on port 8888
2025-11-06 23:43:02.018 [main] INFO  ChatAppServer - Waiting for clients...
2025-11-06 23:43:11.243 [main] INFO  ChatAppServer - New client connected: /127.0.0.1
2025-11-06 23:43:11.249 [Thread-1] INFO  ChatAppServer - Client connected: /127.0.0.1
2025-11-06 23:43:16.791 [main] INFO  ChatAppServer - New client connected: /127.0.0.1
2025-11-06 23:43:16.792 [Thread-2] INFO  ChatAppServer - Client connected: /127.0.0.1
2025-11-06 23:43:18.844 [main] INFO  ChatAppServer - New client connected: /127.0.0.1
2025-11-06 23:43:18.847 [Thread-3] INFO  ChatAppServer - Client connected: /127.0.0.1
2025-11-06 23:43:46.453 [Thread-3] INFO  ChatAppServer - [SERVER] <<< RECV: {"type":"FORGOT_PASSWORD_REQUEST","data":{"email":"thangtech07@gmail.com"},"timestamp":1762447426423,"error":null,"success":true}
2025-11-06 23:43:46.469 [Thread-3] INFO  ChatAppServer - [SERVER] Handling: FORGOT_PASSWORD_REQUEST
2025-11-06 23:43:52.345 [Thread-3] INFO  ChatAppServer - [SERVER] >>> SEND: {"type":"FORGOT_PASSWORD_RESPONSE","data":{"message":"Mã OTP đã được gửi đến email của bạn"},"timestamp":1762447432343,"error":null,"success":true}
2025-11-06 23:44:24.184 [Thread-3] INFO  ChatAppServer - [SERVER] <<< RECV: {"type":"RESET_PASSWORD_REQUEST","data":{"otpCode":"804393","newPassword":"123456","email":"thangtech07@gmail.com"},"timestamp":1762447464182,"error":null,"success":true}
2025-11-06 23:44:24.184 [Thread-3] INFO  ChatAppServer - [SERVER] Handling: RESET_PASSWORD_REQUEST
2025-11-06 23:44:24.264 [Thread-3] INFO  ChatAppServer - [SERVER] >>> SEND: {"type":"RESET_PASSWORD_RESPONSE","data":{"message":"Đặt lại mật khẩu thành công!"},"timestamp":1762447464264,"error":null,"success":true}
2025-11-06 23:44:25.836 [main] INFO  ChatAppServer - New client connected: /127.0.0.1
2025-11-06 23:44:25.837 [Thread-4] INFO  ChatAppServer - Client connected: /127.0.0.1
2025-11-06 23:44:25.848 [Thread-3] INFO  ChatAppServer - Client disconnected
2025-11-06 23:44:25.848 [Thread-2] INFO  ChatAppServer - Client disconnected
2025-11-06 23:44:32.519 [Thread-4] INFO  ChatAppServer - [SERVER] <<< RECV: {"type":"LOGIN_REQUEST","data":{"password":"123456","username":"thangtech07@gmail.com"},"timestamp":1762447472519,"error":null,"success":true}
2025-11-06 23:44:32.520 [Thread-4] INFO  ChatAppServer - [SERVER] Handling: LOGIN_REQUEST
2025-11-06 23:44:32.575 [Thread-4] INFO  ChatAppServer - User logged in: than
2025-11-06 23:44:32.575 [Thread-4] INFO  ChatAppServer - [SERVER] >>> SEND: {"type":"LOGIN_RESPONSE","data":{"avatarUrl":null,"fullName":"than","userId":18,"email":"thangtech07@gmail.com","statusMessage":null,"username":"than"},"timestamp":1762447472575,"error":null,"success":true}
2025-11-06 23:44:32.753 [Thread-1] INFO  ChatAppServer - Client disconnected
2025-11-06 23:44:34.581 [Thread-4] ERROR ChatAppServer - Client handler error: Connection reset
java.net.SocketException: Connection reset
	at java.base/sun.nio.ch.NioSocketImpl.implRead(NioSocketImpl.java:328)
	at java.base/sun.nio.ch.NioSocketImpl.read(NioSocketImpl.java:355)
	at java.base/sun.nio.ch.NioSocketImpl$1.read(NioSocketImpl.java:808)
	at java.base/java.net.Socket$SocketInputStream.read(Socket.java:966)
	at java.base/sun.nio.cs.StreamDecoder.readBytes(StreamDecoder.java:287)
	at java.base/sun.nio.cs.StreamDecoder.implRead(StreamDecoder.java:330)
	at java.base/sun.nio.cs.StreamDecoder.read(StreamDecoder.java:190)
	at java.base/java.io.InputStreamReader.read(InputStreamReader.java:177)
	at java.base/java.io.BufferedReader.fill(BufferedReader.java:162)
	at java.base/java.io.BufferedReader.readLine(BufferedReader.java:329)
	at java.base/java.io.BufferedReader.readLine(BufferedReader.java:396)
	at com.chatapp.server.core.ClientHandler.run(ClientHandler.java:39)
	at java.base/java.lang.Thread.run(Thread.java:840)
2025-11-06 23:44:34.585 [Thread-4] INFO  ChatAppServer - Client disconnected
2025-11-08 13:15:25.452 [main] INFO  ChatAppServer - =================================
2025-11-08 13:15:25.457 [main] INFO  ChatAppServer -   ChatApp Server Starting...   
2025-11-08 13:15:25.458 [main] INFO  ChatAppServer - =================================
2025-11-08 13:15:25.458 [main] INFO  ChatAppServer - Initializing database connection...
2025-11-08 13:15:25.470 [main] INFO  com.zaxxer.hikari.HikariDataSource - HikariPool-1 - Starting...
2025-11-08 13:15:25.634 [main] INFO  com.zaxxer.hikari.pool.HikariPool - HikariPool-1 - Added connection com.mysql.cj.jdbc.ConnectionImpl@74e28667
2025-11-08 13:15:25.637 [main] INFO  com.zaxxer.hikari.HikariDataSource - HikariPool-1 - Start completed.
2025-11-08 13:15:25.638 [main] INFO  ChatAppServer - Database connection pool initialized successfully
2025-11-08 13:15:25.640 [main] INFO  ChatAppServer - Connected to: jdbc:mysql://localhost:3306/chatapp_db?useSSL=false&serverTimezone=UTC&allowPublicKeyRetrieval=true
2025-11-08 13:15:25.646 [main] INFO  ChatAppServer - Database connection established
2025-11-08 13:15:25.646 [main] INFO  ChatAppServer - Starting chat server...
2025-11-08 13:15:25.649 [main] INFO  ChatAppServer - Server started on port 8888
2025-11-08 13:15:25.649 [main] INFO  ChatAppServer - Waiting for clients...
2025-11-08 13:15:37.255 [main] INFO  ChatAppServer - New client connected: /127.0.0.1
2025-11-08 13:15:37.265 [Thread-1] INFO  ChatAppServer - Client connected: /127.0.0.1
2025-11-08 13:15:46.688 [Thread-1] ERROR ChatAppServer - Client handler error: Connection reset
java.net.SocketException: Connection reset
	at java.base/sun.nio.ch.NioSocketImpl.implRead(NioSocketImpl.java:328)
	at java.base/sun.nio.ch.NioSocketImpl.read(NioSocketImpl.java:355)
	at java.base/sun.nio.ch.NioSocketImpl$1.read(NioSocketImpl.java:808)
	at java.base/java.net.Socket$SocketInputStream.read(Socket.java:966)
	at java.base/sun.nio.cs.StreamDecoder.readBytes(StreamDecoder.java:287)
	at java.base/sun.nio.cs.StreamDecoder.implRead(StreamDecoder.java:330)
	at java.base/sun.nio.cs.StreamDecoder.read(StreamDecoder.java:190)
	at java.base/java.io.InputStreamReader.read(InputStreamReader.java:177)
	at java.base/java.io.BufferedReader.fill(BufferedReader.java:162)
	at java.base/java.io.BufferedReader.readLine(BufferedReader.java:329)
	at java.base/java.io.BufferedReader.readLine(BufferedReader.java:396)
	at com.chatapp.server.core.ClientHandler.run(ClientHandler.java:39)
	at java.base/java.lang.Thread.run(Thread.java:840)
2025-11-08 13:15:46.690 [Thread-1] INFO  ChatAppServer - Client disconnected
