2025-10-31 11:57:12.937 [main] INFO  com.zaxxer.hikari.HikariDataSource - HikariPool-1 - Starting...
2025-10-31 11:57:13.151 [main] INFO  com.zaxxer.hikari.pool.HikariPool - HikariPool-1 - Added connection com.mysql.cj.jdbc.ConnectionImpl@48075da3
2025-10-31 11:57:13.151 [main] INFO  com.zaxxer.hikari.HikariDataSource - HikariPool-1 - Start completed.
2025-10-31 11:57:13.165 [main] INFO  ChatAppServer - Database connection pool initialized successfully
2025-10-31 11:57:13.165 [main] INFO  ChatAppServer - Connected to: jdbc:mysql://localhost:3306/chatapp_db?useSSL=false&serverTimezone=UTC&allowPublicKeyRetrieval=true
2025-10-31 11:59:25.801 [main] INFO  com.zaxxer.hikari.HikariDataSource - HikariPool-1 - Starting...
2025-10-31 11:59:25.947 [main] INFO  com.zaxxer.hikari.pool.HikariPool - HikariPool-1 - Added connection com.mysql.cj.jdbc.ConnectionImpl@8519cb4
2025-10-31 11:59:25.959 [main] INFO  com.zaxxer.hikari.HikariDataSource - HikariPool-1 - Start completed.
2025-10-31 11:59:25.960 [main] INFO  ChatAppServer - Database connection pool initialized successfully
2025-10-31 11:59:25.962 [main] INFO  ChatAppServer - Connected to: jdbc:mysql://localhost:3306/chatapp_db?useSSL=false&serverTimezone=UTC&allowPublicKeyRetrieval=true
2025-10-31 12:01:25.232 [main] INFO  com.zaxxer.hikari.HikariDataSource - HikariPool-1 - Starting...
2025-10-31 12:01:25.378 [main] INFO  com.zaxxer.hikari.pool.HikariPool - HikariPool-1 - Added connection com.mysql.cj.jdbc.ConnectionImpl@8519cb4
2025-10-31 12:01:25.378 [main] INFO  com.zaxxer.hikari.HikariDataSource - HikariPool-1 - Start completed.
2025-10-31 12:01:25.383 [main] INFO  ChatAppServer - Database connection pool initialized successfully
2025-10-31 12:01:25.385 [main] INFO  ChatAppServer - Connected to: jdbc:mysql://localhost:3306/chatapp_db?useSSL=false&serverTimezone=UTC&allowPublicKeyRetrieval=true
2025-10-31 12:02:27.881 [main] INFO  com.zaxxer.hikari.HikariDataSource - HikariPool-1 - Starting...
2025-10-31 12:02:28.056 [main] INFO  com.zaxxer.hikari.pool.HikariPool - HikariPool-1 - Added connection com.mysql.cj.jdbc.ConnectionImpl@52815fa3
2025-10-31 12:02:28.065 [main] INFO  com.zaxxer.hikari.HikariDataSource - HikariPool-1 - Start completed.
2025-10-31 12:02:28.067 [main] INFO  ChatAppServer - Database connection pool initialized successfully
2025-10-31 12:02:28.069 [main] INFO  ChatAppServer - Connected to: jdbc:mysql://localhost:3306/chatapp_db?useSSL=false&serverTimezone=UTC&allowPublicKeyRetrieval=true
2025-10-31 12:02:31.321 [main] INFO  com.zaxxer.hikari.HikariDataSource - HikariPool-1 - Starting...
2025-10-31 12:02:31.503 [main] INFO  com.zaxxer.hikari.pool.HikariPool - HikariPool-1 - Added connection com.mysql.cj.jdbc.ConnectionImpl@8519cb4
2025-10-31 12:02:31.505 [main] INFO  com.zaxxer.hikari.HikariDataSource - HikariPool-1 - Start completed.
2025-10-31 12:02:31.507 [main] INFO  ChatAppServer - Database connection pool initialized successfully
2025-10-31 12:02:31.509 [main] INFO  ChatAppServer - Connected to: jdbc:mysql://localhost:3306/chatapp_db?useSSL=false&serverTimezone=UTC&allowPublicKeyRetrieval=true
2025-10-31 12:02:45.409 [main] INFO  com.zaxxer.hikari.HikariDataSource - HikariPool-1 - Starting...
2025-10-31 12:02:45.585 [main] INFO  com.zaxxer.hikari.pool.HikariPool - HikariPool-1 - Added connection com.mysql.cj.jdbc.ConnectionImpl@8519cb4
2025-10-31 12:02:45.585 [main] INFO  com.zaxxer.hikari.HikariDataSource - HikariPool-1 - Start completed.
2025-10-31 12:02:45.585 [main] INFO  ChatAppServer - Database connection pool initialized successfully
2025-10-31 12:02:45.585 [main] INFO  ChatAppServer - Connected to: jdbc:mysql://localhost:3306/chatapp_db?useSSL=false&serverTimezone=UTC&allowPublicKeyRetrieval=true
2025-10-31 12:05:24.228 [main] INFO  com.zaxxer.hikari.HikariDataSource - HikariPool-1 - Starting...
2025-10-31 12:05:24.404 [main] INFO  com.zaxxer.hikari.pool.HikariPool - HikariPool-1 - Added connection com.mysql.cj.jdbc.ConnectionImpl@8519cb4
2025-10-31 12:05:24.404 [main] INFO  com.zaxxer.hikari.HikariDataSource - HikariPool-1 - Start completed.
2025-10-31 12:05:24.404 [main] INFO  ChatAppServer - Database connection pool initialized successfully
2025-10-31 12:05:24.404 [main] INFO  ChatAppServer - Connected to: jdbc:mysql://localhost:3306/chatapp_db?useSSL=false&serverTimezone=UTC&allowPublicKeyRetrieval=true
2025-10-31 12:07:19.046 [main] INFO  com.zaxxer.hikari.HikariDataSource - HikariPool-1 - Starting...
2025-10-31 12:07:19.192 [main] INFO  com.zaxxer.hikari.pool.HikariPool - HikariPool-1 - Added connection com.mysql.cj.jdbc.ConnectionImpl@8519cb4
2025-10-31 12:07:19.194 [main] INFO  com.zaxxer.hikari.HikariDataSource - HikariPool-1 - Start completed.
2025-10-31 12:07:19.194 [main] INFO  ChatAppServer - Database connection pool initialized successfully
2025-10-31 12:07:19.197 [main] INFO  ChatAppServer - Connected to: jdbc:mysql://localhost:3306/chatapp_db?useSSL=false&serverTimezone=UTC&allowPublicKeyRetrieval=true
2025-10-31 12:07:43.147 [main] INFO  ChatAppServer - New user registered: thang
2025-10-31 12:10:35.009 [main] INFO  ChatAppServer - =================================
2025-10-31 12:10:35.009 [main] INFO  ChatAppServer -   ChatApp Server Starting...   
2025-10-31 12:10:35.009 [main] INFO  ChatAppServer - =================================
2025-10-31 12:10:35.009 [main] INFO  ChatAppServer - Initializing database connection...
2025-10-31 12:10:35.022 [main] INFO  com.zaxxer.hikari.HikariDataSource - HikariPool-1 - Starting...
2025-10-31 12:10:35.196 [main] INFO  com.zaxxer.hikari.pool.HikariPool - HikariPool-1 - Added connection com.mysql.cj.jdbc.ConnectionImpl@74e28667
2025-10-31 12:10:35.197 [main] INFO  com.zaxxer.hikari.HikariDataSource - HikariPool-1 - Start completed.
2025-10-31 12:10:35.199 [main] INFO  ChatAppServer - Database connection pool initialized successfully
2025-10-31 12:10:35.201 [main] INFO  ChatAppServer - Connected to: jdbc:mysql://localhost:3306/chatapp_db?useSSL=false&serverTimezone=UTC&allowPublicKeyRetrieval=true
2025-10-31 12:10:35.201 [main] INFO  ChatAppServer - Database connection established
2025-10-31 12:10:35.201 [main] INFO  ChatAppServer - Starting chat server...
2025-10-31 12:10:35.211 [main] INFO  ChatAppServer - Server started on port 8888
2025-10-31 12:10:35.212 [main] INFO  ChatAppServer - Waiting for clients...
2025-10-31 12:15:26.138 [main] INFO  ChatAppServer - New client connected: /127.0.0.1
2025-10-31 12:15:26.143 [Thread-1] INFO  ChatAppServer - Client connected: /127.0.0.1
2025-10-31 12:18:19.485 [Thread-1] ERROR ChatAppServer - Client handler error: Connection reset
java.net.SocketException: Connection reset
	at java.base/sun.nio.ch.NioSocketImpl.implRead(NioSocketImpl.java:328)
	at java.base/sun.nio.ch.NioSocketImpl.read(NioSocketImpl.java:355)
	at java.base/sun.nio.ch.NioSocketImpl$1.read(NioSocketImpl.java:808)
	at java.base/java.net.Socket$SocketInputStream.read(Socket.java:966)
	at java.base/sun.nio.cs.StreamDecoder.readBytes(StreamDecoder.java:287)
	at java.base/sun.nio.cs.StreamDecoder.implRead(StreamDecoder.java:330)
	at java.base/sun.nio.cs.StreamDecoder.read(StreamDecoder.java:190)
	at java.base/java.io.InputStreamReader.read(InputStreamReader.java:177)
	at java.base/java.io.BufferedReader.fill(BufferedReader.java:162)
	at java.base/java.io.BufferedReader.readLine(BufferedReader.java:329)
	at java.base/java.io.BufferedReader.readLine(BufferedReader.java:396)
	at com.chatapp.server.core.ClientHandler.run(ClientHandler.java:39)
	at java.base/java.lang.Thread.run(Thread.java:840)
2025-10-31 12:18:19.488 [Thread-1] INFO  ChatAppServer - Client disconnected
2025-10-31 12:18:20.278 [main] INFO  ChatAppServer - New client connected: /127.0.0.1
2025-10-31 12:18:20.278 [Thread-2] INFO  ChatAppServer - Client connected: /127.0.0.1
2025-10-31 12:18:37.599 [Thread-2] INFO  ChatAppServer - Client disconnected
2025-10-31 12:18:41.958 [main] INFO  ChatAppServer - =================================
2025-10-31 12:18:41.959 [main] INFO  ChatAppServer -   ChatApp Server Starting...   
2025-10-31 12:18:41.959 [main] INFO  ChatAppServer - =================================
2025-10-31 12:18:41.959 [main] INFO  ChatAppServer - Initializing database connection...
2025-10-31 12:18:41.964 [main] INFO  com.zaxxer.hikari.HikariDataSource - HikariPool-1 - Starting...
2025-10-31 12:18:42.101 [main] INFO  com.zaxxer.hikari.pool.HikariPool - HikariPool-1 - Added connection com.mysql.cj.jdbc.ConnectionImpl@74e28667
2025-10-31 12:18:42.106 [main] INFO  com.zaxxer.hikari.HikariDataSource - HikariPool-1 - Start completed.
2025-10-31 12:18:42.108 [main] INFO  ChatAppServer - Database connection pool initialized successfully
2025-10-31 12:18:42.108 [main] INFO  ChatAppServer - Connected to: jdbc:mysql://localhost:3306/chatapp_db?useSSL=false&serverTimezone=UTC&allowPublicKeyRetrieval=true
2025-10-31 12:18:42.110 [main] INFO  ChatAppServer - Database connection established
2025-10-31 12:18:42.110 [main] INFO  ChatAppServer - Starting chat server...
2025-10-31 12:18:42.110 [main] INFO  ChatAppServer - Server started on port 8888
2025-10-31 12:18:42.110 [main] INFO  ChatAppServer - Waiting for clients...
2025-10-31 12:18:46.298 [main] INFO  ChatAppServer - New client connected: /127.0.0.1
2025-10-31 12:18:46.304 [Thread-1] INFO  ChatAppServer - Client connected: /127.0.0.1
2025-10-31 12:48:57.320 [HikariPool-1 housekeeper] WARN  com.zaxxer.hikari.pool.HikariPool - HikariPool-1 - Thread starvation or clock leap detected (housekeeper delta=9m44s863ms823µs500ns).
2025-10-31 12:49:06.918 [Thread-1] ERROR ChatAppServer - Client handler error: Connection reset
java.net.SocketException: Connection reset
	at java.base/sun.nio.ch.NioSocketImpl.implRead(NioSocketImpl.java:328)
	at java.base/sun.nio.ch.NioSocketImpl.read(NioSocketImpl.java:355)
	at java.base/sun.nio.ch.NioSocketImpl$1.read(NioSocketImpl.java:808)
	at java.base/java.net.Socket$SocketInputStream.read(Socket.java:966)
	at java.base/sun.nio.cs.StreamDecoder.readBytes(StreamDecoder.java:287)
	at java.base/sun.nio.cs.StreamDecoder.implRead(StreamDecoder.java:330)
	at java.base/sun.nio.cs.StreamDecoder.read(StreamDecoder.java:190)
	at java.base/java.io.InputStreamReader.read(InputStreamReader.java:177)
	at java.base/java.io.BufferedReader.fill(BufferedReader.java:162)
	at java.base/java.io.BufferedReader.readLine(BufferedReader.java:329)
	at java.base/java.io.BufferedReader.readLine(BufferedReader.java:396)
	at com.chatapp.server.core.ClientHandler.run(ClientHandler.java:39)
	at java.base/java.lang.Thread.run(Thread.java:840)
2025-10-31 12:49:06.921 [Thread-1] INFO  ChatAppServer - Client disconnected
2025-10-31 12:50:36.691 [main] INFO  ChatAppServer - =================================
2025-10-31 12:50:36.692 [main] INFO  ChatAppServer -   ChatApp Server Starting...   
2025-10-31 12:50:36.692 [main] INFO  ChatAppServer - =================================
2025-10-31 12:50:36.692 [main] INFO  ChatAppServer - Initializing database connection...
2025-10-31 12:50:36.700 [main] INFO  com.zaxxer.hikari.HikariDataSource - HikariPool-1 - Starting...
2025-10-31 12:50:36.846 [main] INFO  com.zaxxer.hikari.pool.HikariPool - HikariPool-1 - Added connection com.mysql.cj.jdbc.ConnectionImpl@74e28667
2025-10-31 12:50:36.847 [main] INFO  com.zaxxer.hikari.HikariDataSource - HikariPool-1 - Start completed.
2025-10-31 12:50:36.848 [main] INFO  ChatAppServer - Database connection pool initialized successfully
2025-10-31 12:50:36.851 [main] INFO  ChatAppServer - Connected to: jdbc:mysql://localhost:3306/chatapp_db?useSSL=false&serverTimezone=UTC&allowPublicKeyRetrieval=true
2025-10-31 12:50:36.855 [main] INFO  ChatAppServer - Database connection established
2025-10-31 12:50:36.855 [main] INFO  ChatAppServer - Starting chat server...
2025-10-31 12:50:36.855 [main] INFO  ChatAppServer - Server started on port 8888
2025-10-31 12:50:36.855 [main] INFO  ChatAppServer - Waiting for clients...
2025-10-31 12:50:46.311 [main] INFO  ChatAppServer - New client connected: /127.0.0.1
2025-10-31 12:50:46.317 [Thread-1] INFO  ChatAppServer - Client connected: /127.0.0.1
2025-10-31 12:53:35.469 [main] INFO  ChatAppServer - =================================
2025-10-31 12:53:35.471 [main] INFO  ChatAppServer -   ChatApp Server Starting...   
2025-10-31 12:53:35.471 [main] INFO  ChatAppServer - =================================
2025-10-31 12:53:35.471 [main] INFO  ChatAppServer - Initializing database connection...
2025-10-31 12:53:35.480 [main] INFO  com.zaxxer.hikari.HikariDataSource - HikariPool-1 - Starting...
2025-10-31 12:53:35.638 [main] INFO  com.zaxxer.hikari.pool.HikariPool - HikariPool-1 - Added connection com.mysql.cj.jdbc.ConnectionImpl@74e28667
2025-10-31 12:53:35.640 [main] INFO  com.zaxxer.hikari.HikariDataSource - HikariPool-1 - Start completed.
2025-10-31 12:53:35.642 [main] INFO  ChatAppServer - Database connection pool initialized successfully
2025-10-31 12:53:35.644 [main] INFO  ChatAppServer - Connected to: jdbc:mysql://localhost:3306/chatapp_db?useSSL=false&serverTimezone=UTC&allowPublicKeyRetrieval=true
2025-10-31 12:53:35.651 [main] INFO  ChatAppServer - Database connection established
2025-10-31 12:53:35.652 [main] INFO  ChatAppServer - Starting chat server...
2025-10-31 12:53:35.653 [main] INFO  ChatAppServer - Server started on port 8888
2025-10-31 12:53:35.653 [main] INFO  ChatAppServer - Waiting for clients...
2025-10-31 12:53:49.827 [main] INFO  ChatAppServer - New client connected: /127.0.0.1
2025-10-31 12:53:49.832 [Thread-1] INFO  ChatAppServer - Client connected: /127.0.0.1
2025-10-31 12:58:50.587 [main] INFO  ChatAppServer - =================================
2025-10-31 12:58:50.589 [main] INFO  ChatAppServer -   ChatApp Server Starting...   
2025-10-31 12:58:50.589 [main] INFO  ChatAppServer - =================================
2025-10-31 12:58:50.589 [main] INFO  ChatAppServer - Initializing database connection...
2025-10-31 12:58:50.597 [main] INFO  com.zaxxer.hikari.HikariDataSource - HikariPool-1 - Starting...
2025-10-31 12:58:50.739 [main] INFO  com.zaxxer.hikari.pool.HikariPool - HikariPool-1 - Added connection com.mysql.cj.jdbc.ConnectionImpl@74e28667
2025-10-31 12:58:50.742 [main] INFO  com.zaxxer.hikari.HikariDataSource - HikariPool-1 - Start completed.
2025-10-31 12:58:50.744 [main] INFO  ChatAppServer - Database connection pool initialized successfully
2025-10-31 12:58:50.745 [main] INFO  ChatAppServer - Connected to: jdbc:mysql://localhost:3306/chatapp_db?useSSL=false&serverTimezone=UTC&allowPublicKeyRetrieval=true
2025-10-31 12:58:50.750 [main] INFO  ChatAppServer - Database connection established
2025-10-31 12:58:50.750 [main] INFO  ChatAppServer - Starting chat server...
2025-10-31 12:58:50.750 [main] INFO  ChatAppServer - Server started on port 8888
2025-10-31 12:58:50.750 [main] INFO  ChatAppServer - Waiting for clients...
2025-10-31 12:59:03.808 [main] INFO  ChatAppServer - New client connected: /127.0.0.1
2025-10-31 12:59:03.812 [Thread-1] INFO  ChatAppServer - Client connected: /127.0.0.1
2025-10-31 13:00:08.250 [main] INFO  ChatAppServer - =================================
2025-10-31 13:00:08.250 [main] INFO  ChatAppServer -   ChatApp Server Starting...   
2025-10-31 13:00:08.250 [main] INFO  ChatAppServer - =================================
2025-10-31 13:00:08.250 [main] INFO  ChatAppServer - Initializing database connection...
2025-10-31 13:00:08.259 [main] INFO  com.zaxxer.hikari.HikariDataSource - HikariPool-1 - Starting...
2025-10-31 13:00:08.407 [main] INFO  com.zaxxer.hikari.pool.HikariPool - HikariPool-1 - Added connection com.mysql.cj.jdbc.ConnectionImpl@74e28667
2025-10-31 13:00:08.407 [main] INFO  com.zaxxer.hikari.HikariDataSource - HikariPool-1 - Start completed.
2025-10-31 13:00:08.409 [main] INFO  ChatAppServer - Database connection pool initialized successfully
2025-10-31 13:00:08.409 [main] INFO  ChatAppServer - Connected to: jdbc:mysql://localhost:3306/chatapp_db?useSSL=false&serverTimezone=UTC&allowPublicKeyRetrieval=true
2025-10-31 13:00:08.417 [main] INFO  ChatAppServer - Database connection established
2025-10-31 13:00:08.417 [main] INFO  ChatAppServer - Starting chat server...
2025-10-31 13:00:08.419 [main] INFO  ChatAppServer - Server started on port 8888
2025-10-31 13:00:08.419 [main] INFO  ChatAppServer - Waiting for clients...
2025-10-31 13:01:12.033 [main] INFO  ChatAppServer - New client connected: /127.0.0.1
2025-10-31 13:01:12.040 [Thread-1] INFO  ChatAppServer - Client connected: /127.0.0.1
2025-10-31 13:01:30.851 [Thread-1] INFO  ChatAppServer - [SERVER] <<< RECV: {"type":"REGISTER_REQUEST","data":{"password":"123456","fullName":"thang","email":"nguyenduythang2808@gmail.com","username":"thang"},"timestamp":1761890490815,"error":null,"success":true}
2025-10-31 13:01:30.881 [Thread-1] INFO  ChatAppServer - [SERVER] Handling: REGISTER_REQUEST
2025-10-31 13:01:36.068 [Thread-1] INFO  ChatAppServer - New user registered: thang
2025-10-31 13:01:36.070 [Thread-1] INFO  ChatAppServer - [SERVER] >>> SEND: {"type":"REGISTER_RESPONSE","data":{"message":"Đăng ký thành công! Vui lòng đăng nhập."},"timestamp":1761890496068,"error":null,"success":true}
2025-10-31 13:01:41.862 [main] INFO  ChatAppServer - New client connected: /127.0.0.1
2025-10-31 13:01:41.863 [Thread-2] INFO  ChatAppServer - Client connected: /127.0.0.1
2025-10-31 13:02:04.437 [Thread-2] INFO  ChatAppServer - [SERVER] <<< RECV: {"type":"LOGIN_REQUEST","data":{"password":"123456","username":"thang"},"timestamp":1761890524436,"error":null,"success":true}
2025-10-31 13:02:04.437 [Thread-2] INFO  ChatAppServer - [SERVER] Handling: LOGIN_REQUEST
2025-10-31 13:02:04.492 [Thread-2] ERROR ChatAppServer - Login failed: Vui lòng xác thực tài khoản qua OTP trước khi đăng nhập.
java.lang.Exception: Vui lòng xác thực tài khoản qua OTP trước khi đăng nhập.
	at com.chatapp.server.service.AuthService.login(AuthService.java:125)
	at com.chatapp.server.handler.AuthHandler.handleLogin(AuthHandler.java:40)
	at com.chatapp.server.core.ClientHandler.handlePacket(ClientHandler.java:80)
	at com.chatapp.server.core.ClientHandler.run(ClientHandler.java:44)
	at java.base/java.lang.Thread.run(Thread.java:840)
2025-10-31 13:02:04.492 [Thread-2] INFO  ChatAppServer - [SERVER] >>> SEND: {"type":"LOGIN_RESPONSE","data":{},"timestamp":1761890524492,"error":"Vui lòng xác thực tài khoản qua OTP trước khi đăng nhập.","success":false}
2025-10-31 13:02:09.076 [Thread-1] ERROR ChatAppServer - Client handler error: Connection reset
java.net.SocketException: Connection reset
	at java.base/sun.nio.ch.NioSocketImpl.implRead(NioSocketImpl.java:328)
	at java.base/sun.nio.ch.NioSocketImpl.read(NioSocketImpl.java:355)
	at java.base/sun.nio.ch.NioSocketImpl$1.read(NioSocketImpl.java:808)
	at java.base/java.net.Socket$SocketInputStream.read(Socket.java:966)
	at java.base/sun.nio.cs.StreamDecoder.readBytes(StreamDecoder.java:287)
	at java.base/sun.nio.cs.StreamDecoder.implRead(StreamDecoder.java:330)
	at java.base/sun.nio.cs.StreamDecoder.read(StreamDecoder.java:190)
	at java.base/java.io.InputStreamReader.read(InputStreamReader.java:177)
	at java.base/java.io.BufferedReader.fill(BufferedReader.java:162)
	at java.base/java.io.BufferedReader.readLine(BufferedReader.java:329)
	at java.base/java.io.BufferedReader.readLine(BufferedReader.java:396)
	at com.chatapp.server.core.ClientHandler.run(ClientHandler.java:39)
	at java.base/java.lang.Thread.run(Thread.java:840)
2025-10-31 13:02:09.077 [Thread-1] INFO  ChatAppServer - Client disconnected
2025-10-31 13:02:09.078 [Thread-2] ERROR ChatAppServer - Client handler error: Connection reset
java.net.SocketException: Connection reset
	at java.base/sun.nio.ch.NioSocketImpl.implRead(NioSocketImpl.java:328)
	at java.base/sun.nio.ch.NioSocketImpl.read(NioSocketImpl.java:355)
	at java.base/sun.nio.ch.NioSocketImpl$1.read(NioSocketImpl.java:808)
	at java.base/java.net.Socket$SocketInputStream.read(Socket.java:966)
	at java.base/sun.nio.cs.StreamDecoder.readBytes(StreamDecoder.java:287)
	at java.base/sun.nio.cs.StreamDecoder.implRead(StreamDecoder.java:330)
	at java.base/sun.nio.cs.StreamDecoder.read(StreamDecoder.java:190)
	at java.base/java.io.InputStreamReader.read(InputStreamReader.java:177)
	at java.base/java.io.BufferedReader.fill(BufferedReader.java:162)
	at java.base/java.io.BufferedReader.readLine(BufferedReader.java:329)
	at java.base/java.io.BufferedReader.readLine(BufferedReader.java:396)
	at com.chatapp.server.core.ClientHandler.run(ClientHandler.java:39)
	at java.base/java.lang.Thread.run(Thread.java:840)
2025-10-31 13:02:09.079 [Thread-2] INFO  ChatAppServer - Client disconnected
